TN:
SF:src\components\chat\optionsPanel.tsx
FN:15,OptionsPanel
FN:27,(anonymous_1)
FN:33,(anonymous_2)
FNF:3
FNH:3
FNDA:12,OptionsPanel
FNDA:9,(anonymous_1)
FNDA:11,(anonymous_2)
DA:2,1
DA:3,1
DA:15,1
DA:23,12
DA:25,12
DA:27,12
DA:29,9
DA:30,9
DA:33,12
DA:34,11
DA:37,12
LF:11
LH:11
BRDA:29,0,0,4
BRDA:29,0,1,5
BRDA:38,1,0,1
BRDA:38,1,1,11
BRDA:49,2,0,8
BRDA:49,2,1,4
BRDA:57,3,0,4
BRDA:57,3,1,8
BRDA:58,4,0,12
BRDA:58,4,1,12
BRDA:60,5,0,7
BRDA:60,5,1,5
BRF:12
BRH:12
end_of_record
TN:
SF:src\components\documentViewer\pageNumberTab.tsx
FN:11,(anonymous_0)
FNF:1
FNH:1
FNDA:4,(anonymous_0)
DA:2,1
DA:11,1
DA:12,4
DA:13,3
DA:16,1
DA:20,1
LF:6
LH:6
BRDA:12,0,0,3
BRDA:12,1,0,4
BRDA:12,1,1,3
BRDA:12,1,2,2
BRF:4
BRH:4
end_of_record
TN:
SF:src\components\documentViewer\tableTab.tsx
FN:22,TableTab
FN:28,(anonymous_1)
FN:31,(anonymous_2)
FN:39,(anonymous_3)
FN:41,(anonymous_4)
FNF:5
FNH:5
FNDA:2,TableTab
FNDA:5,(anonymous_1)
FNDA:9,(anonymous_2)
FNDA:5,(anonymous_3)
FNDA:13,(anonymous_4)
DA:1,1
DA:22,1
DA:23,2
DA:26,2
DA:28,5
DA:31,2
DA:32,9
DA:35,2
DA:40,5
DA:42,13
DA:52,1
LF:11
LH:11
BRF:0
BRH:0
end_of_record
TN:
SF:src\components\documentViewer\tempIframe.tsx
FN:33,IFrameComponent
FN:37,(anonymous_1)
FN:44,(anonymous_2)
FN:54,(anonymous_3)
FN:62,(anonymous_4)
FN:70,(anonymous_5)
FN:80,(anonymous_6)
FNF:7
FNH:7
FNDA:8,IFrameComponent
FNDA:3,(anonymous_1)
FNDA:3,(anonymous_2)
FNDA:1,(anonymous_3)
FNDA:1,(anonymous_4)
FNDA:1,(anonymous_5)
FNDA:8,(anonymous_6)
DA:2,1
DA:4,1
DA:5,1
DA:6,1
DA:7,1
DA:8,1
DA:11,1
DA:22,1
DA:33,1
DA:34,8
DA:35,8
DA:37,8
DA:38,3
DA:39,2
DA:40,1
DA:41,0
DA:44,8
DA:45,3
DA:54,8
DA:55,1
DA:62,8
DA:63,1
DA:70,8
DA:71,1
DA:80,8
DA:81,8
DA:82,2
DA:85,6
DA:87,6
DA:88,3
DA:90,3
DA:91,1
DA:93,2
DA:94,1
DA:96,1
DA:99,8
LF:36
LH:35
BRDA:38,0,0,1
BRDA:39,1,0,1
BRDA:40,2,0,1
BRDA:81,3,0,2
BRDA:81,4,0,8
BRDA:81,4,1,7
BRDA:87,5,0,3
BRDA:87,6,0,6
BRDA:87,6,1,5
BRDA:87,6,2,4
BRDA:90,7,0,1
BRDA:93,8,0,1
BRF:12
BRH:12
end_of_record
TN:
SF:src\components\filter\showHideFilterButton.tsx
FN:11,FilterButton
FNF:1
FNH:1
FNDA:4,FilterButton
DA:2,1
DA:3,1
DA:4,1
DA:11,1
DA:12,4
DA:13,4
LF:6
LH:6
BRF:0
BRH:0
end_of_record
TN:
SF:src\components\footer\footer.tsx
FN:4,Footer
FNF:1
FNH:1
FNDA:3,Footer
DA:2,1
DA:4,1
DA:5,3
DA:6,3
DA:8,3
LF:5
LH:5
BRF:0
BRH:0
end_of_record
TN:
SF:src\components\header\header.tsx
FN:20,Header
FNF:1
FNH:1
FNDA:4,Header
DA:9,1
DA:14,1
DA:20,1
DA:21,4
LF:4
LH:4
BRDA:22,0,0,4
BRDA:22,0,1,1
BRDA:25,1,0,4
BRDA:25,1,1,1
BRDA:26,2,0,4
BRDA:26,2,1,4
BRF:6
BRH:6
end_of_record
TN:
SF:src\components\layout\layout.tsx
FN:6,Layout
FNF:1
FNH:1
FNDA:5,Layout
DA:2,1
DA:3,1
DA:6,1
DA:7,5
DA:9,5
LF:5
LH:5
BRDA:9,0,0,2
BRDA:9,0,1,3
BRDA:9,1,0,5
BRDA:9,1,1,5
BRF:4
BRH:4
end_of_record
TN:
SF:src\components\orderBy\orderBy.tsx
FN:9,OrderBy
FN:16,(anonymous_1)
FN:20,(anonymous_2)
FNF:3
FNH:3
FNDA:27,OrderBy
FNDA:27,(anonymous_1)
FNDA:13,(anonymous_2)
DA:1,1
DA:2,1
DA:3,1
DA:9,1
DA:10,27
DA:12,27
DA:13,27
DA:14,27
DA:16,27
DA:17,27
DA:20,27
DA:21,13
DA:23,2
DA:24,2
DA:25,2
DA:27,2
DA:28,2
DA:29,2
DA:31,2
DA:32,2
DA:33,2
DA:35,2
DA:36,2
DA:37,2
DA:39,2
DA:40,2
DA:41,2
DA:43,2
DA:44,2
DA:45,2
DA:47,1
DA:48,1
DA:49,1
DA:53,27
LF:34
LH:34
BRDA:21,0,0,2
BRDA:21,0,1,2
BRDA:21,0,2,2
BRDA:21,0,3,2
BRDA:21,0,4,2
BRDA:21,0,5,2
BRDA:21,0,6,1
BRF:7
BRH:7
end_of_record
